<?xml version="1.0" encoding="UTF-8"?>
<!-- Generated by org.testng.reporters.JUnitXMLReporter -->
<testsuite hostname="LAPTOP-FD9FNOTU" ignored="0" name="LoginTest" tests="1" failures="1" timestamp="2021-03-14T20:43:16 CDT" time="0.064" errors="0">
  <testcase name="validUserShouldBeAbleToAddCustomer" time="0.0" classname="test.AddCustomerTest">
    <failure type="org.testng.TestNGException" message="
Parameter &amp;apos;Password&amp;apos; is required by @Test on method validUserShouldBeAbleToAddCustomer but has not been marked @Optional or defined
in C:\Users\14696\Aug2020_Selenium\Session9_XML_TestNG\src\main\java\dataXML\Regression.xml">
      <![CDATA[org.testng.TestNGException: 
Parameter 'Password' is required by @Test on method validUserShouldBeAbleToAddCustomer but has not been marked @Optional or defined
in C:\Users\14696\Aug2020_Selenium\Session9_XML_TestNG\src\main\java\dataXML\Regression.xml
at java.util.ArrayList.forEach(ArrayList.java:1259)
... Removed 26 stack frames]]>
    </failure>
  </testcase> <!-- validUserShouldBeAbleToAddCustomer -->
</testsuite> <!-- LoginTest -->
